2018-11-24 18:01:15,222 - /Users/nhy/PycharmProjects/my/day13/atp/core/my_requests.py[line:46] - DEBUG: url： http://api.nnzhp.cn/api/user/login 请求方式：post  data：{'username': 'niuhanyang', 'phone': '13230518823'} ,返回数据：{'status': 1, 'data': {'error_code': 3001, 'msg': '必填参数未填！请查看接口文档！'}}
2018-11-24 18:01:15,237 - /anaconda3/lib/python3.6/site-packages/urllib3/connectionpool.py[line:208] - DEBUG: Starting new HTTP connection (1): api.nnzhp.cn
2018-11-24 18:01:15,323 - /anaconda3/lib/python3.6/site-packages/urllib3/connectionpool.py[line:396] - DEBUG: http://api.nnzhp.cn:80 "POST /api/user/login HTTP/1.1" 200 None
2018-11-24 18:01:15,324 - /Users/nhy/PycharmProjects/my/day13/atp/core/my_requests.py[line:46] - DEBUG: url： http://api.nnzhp.cn/api/user/login 请求方式：post  data：{'passwd': '123456'} ,返回数据：{'status': 1, 'data': {'error_code': 3001, 'msg': '必填参数未填！请查看接口文档！'}}
2018-11-24 18:01:15,324 - /Users/nhy/PycharmProjects/my/day13/atp/core/my_requests.py[line:46] - DEBUG: url： http://api.nnzhp.cn/api/user/login 请求方式：post  data：{'passwd': '123456'} ,返回数据：{'status': 1, 'data': {'error_code': 3001, 'msg': '必填参数未填！请查看接口文档！'}}
2018-11-24 18:01:15,326 - /anaconda3/lib/python3.6/site-packages/urllib3/connectionpool.py[line:208] - DEBUG: Starting new HTTP connection (1): api.nnzhp.cn
2018-11-24 18:01:15,326 - /anaconda3/lib/python3.6/site-packages/urllib3/connectionpool.py[line:208] - DEBUG: Starting new HTTP connection (1): api.nnzhp.cn
2018-11-24 18:01:15,410 - /anaconda3/lib/python3.6/site-packages/urllib3/connectionpool.py[line:396] - DEBUG: http://api.nnzhp.cn:80 "POST /api/user/login HTTP/1.1" 200 None
2018-11-24 18:01:15,410 - /anaconda3/lib/python3.6/site-packages/urllib3/connectionpool.py[line:396] - DEBUG: http://api.nnzhp.cn:80 "POST /api/user/login HTTP/1.1" 200 None
2018-11-24 18:01:15,413 - /Users/nhy/PycharmProjects/my/day13/atp/core/my_requests.py[line:46] - DEBUG: url： http://api.nnzhp.cn/api/user/login 请求方式：post  data：{'username': 'niuhanyang'} ,返回数据：{'status': 1, 'data': {'error_code': 3001, 'msg': '必填参数未填！请查看接口文档！'}}
2018-11-24 18:01:15,413 - /Users/nhy/PycharmProjects/my/day13/atp/core/my_requests.py[line:46] - DEBUG: url： http://api.nnzhp.cn/api/user/login 请求方式：post  data：{'username': 'niuhanyang'} ,返回数据：{'status': 1, 'data': {'error_code': 3001, 'msg': '必填参数未填！请查看接口文档！'}}
2018-11-24 18:01:15,413 - /Users/nhy/PycharmProjects/my/day13/atp/core/my_requests.py[line:46] - DEBUG: url： http://api.nnzhp.cn/api/user/login 请求方式：post  data：{'username': 'niuhanyang'} ,返回数据：{'status': 1, 'data': {'error_code': 3001, 'msg': '必填参数未填！请查看接口文档！'}}
2018-11-24 18:04:59,428 - /Users/nhy/PycharmProjects/my/day13/atp/core/my_requests.py[line:46] - DEBUG: url： http://api.nnzhp.cn/api/user/login 请求方式：post  data：{'username': 'niuhanyang', 'phone': '13219098530'} ,返回数据：{'status': 1, 'data': {'error_code': 3001, 'msg': '必填参数未填！请查看接口文档！'}}
2018-11-24 18:04:59,436 - /anaconda3/lib/python3.6/site-packages/urllib3/connectionpool.py[line:208] - DEBUG: Starting new HTTP connection (1): api.nnzhp.cn
2018-11-24 18:04:59,520 - /anaconda3/lib/python3.6/site-packages/urllib3/connectionpool.py[line:396] - DEBUG: http://api.nnzhp.cn:80 "POST /api/user/login HTTP/1.1" 200 None
2018-11-24 18:04:59,521 - /Users/nhy/PycharmProjects/my/day13/atp/core/my_requests.py[line:46] - DEBUG: url： http://api.nnzhp.cn/api/user/login 请求方式：post  data：{'passwd': '123456'} ,返回数据：{'status': 1, 'data': {'error_code': 3001, 'msg': '必填参数未填！请查看接口文档！'}}
2018-11-24 18:04:59,521 - /Users/nhy/PycharmProjects/my/day13/atp/core/my_requests.py[line:46] - DEBUG: url： http://api.nnzhp.cn/api/user/login 请求方式：post  data：{'passwd': '123456'} ,返回数据：{'status': 1, 'data': {'error_code': 3001, 'msg': '必填参数未填！请查看接口文档！'}}
2018-11-24 18:04:59,524 - /anaconda3/lib/python3.6/site-packages/urllib3/connectionpool.py[line:208] - DEBUG: Starting new HTTP connection (1): api.nnzhp.cn
2018-11-24 18:04:59,524 - /anaconda3/lib/python3.6/site-packages/urllib3/connectionpool.py[line:208] - DEBUG: Starting new HTTP connection (1): api.nnzhp.cn
2018-11-24 18:04:59,607 - /anaconda3/lib/python3.6/site-packages/urllib3/connectionpool.py[line:396] - DEBUG: http://api.nnzhp.cn:80 "POST /api/user/login HTTP/1.1" 200 None
2018-11-24 18:04:59,607 - /anaconda3/lib/python3.6/site-packages/urllib3/connectionpool.py[line:396] - DEBUG: http://api.nnzhp.cn:80 "POST /api/user/login HTTP/1.1" 200 None
2018-11-24 18:04:59,608 - /Users/nhy/PycharmProjects/my/day13/atp/core/my_requests.py[line:46] - DEBUG: url： http://api.nnzhp.cn/api/user/login 请求方式：post  data：{'username': 'niuhanyang'} ,返回数据：{'status': 1, 'data': {'error_code': 3001, 'msg': '必填参数未填！请查看接口文档！'}}
2018-11-24 18:04:59,608 - /Users/nhy/PycharmProjects/my/day13/atp/core/my_requests.py[line:46] - DEBUG: url： http://api.nnzhp.cn/api/user/login 请求方式：post  data：{'username': 'niuhanyang'} ,返回数据：{'status': 1, 'data': {'error_code': 3001, 'msg': '必填参数未填！请查看接口文档！'}}
2018-11-24 18:04:59,608 - /Users/nhy/PycharmProjects/my/day13/atp/core/my_requests.py[line:46] - DEBUG: url： http://api.nnzhp.cn/api/user/login 请求方式：post  data：{'username': 'niuhanyang'} ,返回数据：{'status': 1, 'data': {'error_code': 3001, 'msg': '必填参数未填！请查看接口文档！'}}
2018-11-24 18:05:37,007 - /Users/nhy/PycharmProjects/my/day13/atp/core/my_requests.py[line:46] - DEBUG: url： http://api.nnzhp.cn/api/user/login 请求方式：post  data：{'username': 'niuhanyang', 'phone': '17756820925'} ,返回数据：{'status': 1, 'data': {'error_code': 3001, 'msg': '必填参数未填！请查看接口文档！'}}
2018-11-24 18:05:37,011 - /anaconda3/lib/python3.6/site-packages/urllib3/connectionpool.py[line:208] - DEBUG: Starting new HTTP connection (1): api.nnzhp.cn
2018-11-24 18:05:37,095 - /anaconda3/lib/python3.6/site-packages/urllib3/connectionpool.py[line:396] - DEBUG: http://api.nnzhp.cn:80 "POST /api/user/login HTTP/1.1" 200 None
2018-11-24 18:05:37,098 - /Users/nhy/PycharmProjects/my/day13/atp/core/my_requests.py[line:46] - DEBUG: url： http://api.nnzhp.cn/api/user/login 请求方式：post  data：{'passwd': '123456'} ,返回数据：{'status': 1, 'data': {'error_code': 3001, 'msg': '必填参数未填！请查看接口文档！'}}
2018-11-24 18:05:37,098 - /Users/nhy/PycharmProjects/my/day13/atp/core/my_requests.py[line:46] - DEBUG: url： http://api.nnzhp.cn/api/user/login 请求方式：post  data：{'passwd': '123456'} ,返回数据：{'status': 1, 'data': {'error_code': 3001, 'msg': '必填参数未填！请查看接口文档！'}}
2018-11-24 18:05:37,107 - /anaconda3/lib/python3.6/site-packages/urllib3/connectionpool.py[line:208] - DEBUG: Starting new HTTP connection (1): api.nnzhp.cn
2018-11-24 18:05:37,107 - /anaconda3/lib/python3.6/site-packages/urllib3/connectionpool.py[line:208] - DEBUG: Starting new HTTP connection (1): api.nnzhp.cn
2018-11-24 18:05:37,191 - /anaconda3/lib/python3.6/site-packages/urllib3/connectionpool.py[line:396] - DEBUG: http://api.nnzhp.cn:80 "POST /api/user/login HTTP/1.1" 200 None
2018-11-24 18:05:37,191 - /anaconda3/lib/python3.6/site-packages/urllib3/connectionpool.py[line:396] - DEBUG: http://api.nnzhp.cn:80 "POST /api/user/login HTTP/1.1" 200 None
2018-11-24 18:05:37,192 - /Users/nhy/PycharmProjects/my/day13/atp/core/my_requests.py[line:46] - DEBUG: url： http://api.nnzhp.cn/api/user/login 请求方式：post  data：{'username': 'niuhanyang'} ,返回数据：{'status': 1, 'data': {'error_code': 3001, 'msg': '必填参数未填！请查看接口文档！'}}
2018-11-24 18:05:37,192 - /Users/nhy/PycharmProjects/my/day13/atp/core/my_requests.py[line:46] - DEBUG: url： http://api.nnzhp.cn/api/user/login 请求方式：post  data：{'username': 'niuhanyang'} ,返回数据：{'status': 1, 'data': {'error_code': 3001, 'msg': '必填参数未填！请查看接口文档！'}}
2018-11-24 18:05:37,192 - /Users/nhy/PycharmProjects/my/day13/atp/core/my_requests.py[line:46] - DEBUG: url： http://api.nnzhp.cn/api/user/login 请求方式：post  data：{'username': 'niuhanyang'} ,返回数据：{'status': 1, 'data': {'error_code': 3001, 'msg': '必填参数未填！请查看接口文档！'}}
2018-11-24 18:06:02,342 - /Users/nhy/PycharmProjects/my/day13/atp/core/my_requests.py[line:46] - DEBUG: url： http://api.nnzhp.cn/api/user/login 请求方式：post  data：{'username': 'niuhanyang', 'phone': '18957585234'} ,返回数据：{'status': 1, 'data': {'error_code': 3001, 'msg': '必填参数未填！请查看接口文档！'}}
2018-11-24 18:06:02,356 - /anaconda3/lib/python3.6/site-packages/urllib3/connectionpool.py[line:208] - DEBUG: Starting new HTTP connection (1): api.nnzhp.cn
2018-11-24 18:06:02,439 - /anaconda3/lib/python3.6/site-packages/urllib3/connectionpool.py[line:396] - DEBUG: http://api.nnzhp.cn:80 "POST /api/user/login HTTP/1.1" 200 None
2018-11-24 18:06:02,443 - /Users/nhy/PycharmProjects/my/day13/atp/core/my_requests.py[line:46] - DEBUG: url： http://api.nnzhp.cn/api/user/login 请求方式：post  data：{'passwd': '123456'} ,返回数据：{'status': 1, 'data': {'error_code': 3001, 'msg': '必填参数未填！请查看接口文档！'}}
2018-11-24 18:06:02,443 - /Users/nhy/PycharmProjects/my/day13/atp/core/my_requests.py[line:46] - DEBUG: url： http://api.nnzhp.cn/api/user/login 请求方式：post  data：{'passwd': '123456'} ,返回数据：{'status': 1, 'data': {'error_code': 3001, 'msg': '必填参数未填！请查看接口文档！'}}
2018-11-24 18:06:02,447 - /anaconda3/lib/python3.6/site-packages/urllib3/connectionpool.py[line:208] - DEBUG: Starting new HTTP connection (1): api.nnzhp.cn
2018-11-24 18:06:02,447 - /anaconda3/lib/python3.6/site-packages/urllib3/connectionpool.py[line:208] - DEBUG: Starting new HTTP connection (1): api.nnzhp.cn
2018-11-24 18:06:02,534 - /anaconda3/lib/python3.6/site-packages/urllib3/connectionpool.py[line:396] - DEBUG: http://api.nnzhp.cn:80 "POST /api/user/login HTTP/1.1" 200 None
2018-11-24 18:06:02,534 - /anaconda3/lib/python3.6/site-packages/urllib3/connectionpool.py[line:396] - DEBUG: http://api.nnzhp.cn:80 "POST /api/user/login HTTP/1.1" 200 None
2018-11-24 18:06:02,537 - /Users/nhy/PycharmProjects/my/day13/atp/core/my_requests.py[line:46] - DEBUG: url： http://api.nnzhp.cn/api/user/login 请求方式：post  data：{'username': 'niuhanyang'} ,返回数据：{'status': 1, 'data': {'error_code': 3001, 'msg': '必填参数未填！请查看接口文档！'}}
2018-11-24 18:06:02,537 - /Users/nhy/PycharmProjects/my/day13/atp/core/my_requests.py[line:46] - DEBUG: url： http://api.nnzhp.cn/api/user/login 请求方式：post  data：{'username': 'niuhanyang'} ,返回数据：{'status': 1, 'data': {'error_code': 3001, 'msg': '必填参数未填！请查看接口文档！'}}
2018-11-24 18:06:02,537 - /Users/nhy/PycharmProjects/my/day13/atp/core/my_requests.py[line:46] - DEBUG: url： http://api.nnzhp.cn/api/user/login 请求方式：post  data：{'username': 'niuhanyang'} ,返回数据：{'status': 1, 'data': {'error_code': 3001, 'msg': '必填参数未填！请查看接口文档！'}}
2018-11-24 18:10:06,010 - /Users/nhy/PycharmProjects/my/day13/atp/core/my_requests.py[line:46] - DEBUG: url： http://api.nnzhp.cn/api/user/login 请求方式：post  data：{'username': 'niuhanyang', 'phone': '15344168005'} ,返回数据：{'status': 1, 'data': {'error_code': 3001, 'msg': '必填参数未填！请查看接口文档！'}}
2018-11-24 18:10:06,014 - /anaconda3/lib/python3.6/site-packages/urllib3/connectionpool.py[line:208] - DEBUG: Starting new HTTP connection (1): api.nnzhp.cn
2018-11-24 18:10:06,096 - /anaconda3/lib/python3.6/site-packages/urllib3/connectionpool.py[line:396] - DEBUG: http://api.nnzhp.cn:80 "POST /api/user/login HTTP/1.1" 200 None
2018-11-24 18:10:06,097 - /Users/nhy/PycharmProjects/my/day13/atp/core/my_requests.py[line:46] - DEBUG: url： http://api.nnzhp.cn/api/user/login 请求方式：post  data：{'passwd': '123456'} ,返回数据：{'status': 1, 'data': {'error_code': 3001, 'msg': '必填参数未填！请查看接口文档！'}}
2018-11-24 18:10:06,097 - /Users/nhy/PycharmProjects/my/day13/atp/core/my_requests.py[line:46] - DEBUG: url： http://api.nnzhp.cn/api/user/login 请求方式：post  data：{'passwd': '123456'} ,返回数据：{'status': 1, 'data': {'error_code': 3001, 'msg': '必填参数未填！请查看接口文档！'}}
2018-11-24 18:10:06,115 - /anaconda3/lib/python3.6/site-packages/urllib3/connectionpool.py[line:208] - DEBUG: Starting new HTTP connection (1): api.nnzhp.cn
2018-11-24 18:10:06,115 - /anaconda3/lib/python3.6/site-packages/urllib3/connectionpool.py[line:208] - DEBUG: Starting new HTTP connection (1): api.nnzhp.cn
2018-11-24 18:10:06,198 - /anaconda3/lib/python3.6/site-packages/urllib3/connectionpool.py[line:396] - DEBUG: http://api.nnzhp.cn:80 "POST /api/user/login HTTP/1.1" 200 None
2018-11-24 18:10:06,198 - /anaconda3/lib/python3.6/site-packages/urllib3/connectionpool.py[line:396] - DEBUG: http://api.nnzhp.cn:80 "POST /api/user/login HTTP/1.1" 200 None
2018-11-24 18:10:06,202 - /Users/nhy/PycharmProjects/my/day13/atp/core/my_requests.py[line:46] - DEBUG: url： http://api.nnzhp.cn/api/user/login 请求方式：post  data：{'username': 'niuhanyang'} ,返回数据：{'status': 1, 'data': {'error_code': 3001, 'msg': '必填参数未填！请查看接口文档！'}}
2018-11-24 18:10:06,202 - /Users/nhy/PycharmProjects/my/day13/atp/core/my_requests.py[line:46] - DEBUG: url： http://api.nnzhp.cn/api/user/login 请求方式：post  data：{'username': 'niuhanyang'} ,返回数据：{'status': 1, 'data': {'error_code': 3001, 'msg': '必填参数未填！请查看接口文档！'}}
2018-11-24 18:10:06,202 - /Users/nhy/PycharmProjects/my/day13/atp/core/my_requests.py[line:46] - DEBUG: url： http://api.nnzhp.cn/api/user/login 请求方式：post  data：{'username': 'niuhanyang'} ,返回数据：{'status': 1, 'data': {'error_code': 3001, 'msg': '必填参数未填！请查看接口文档！'}}
