2018-12-01 15:57:45,829 - /Users/nhy/PycharmProjects/my/day14/utp/core/my_requests.py[line:46] - DEBUG: url： http://api.nnzhp.cn/api/user/user_reg 请求方式：post  data：{'username': 'nhy78910', 'pwd': 'aA123456', 'cpwd': 'aA123456'} ,返回数据：{'status': 1, 'data': {'error_code': 3005, 'msg': '用户已存在'}}
2018-12-01 16:02:50,651 - /Users/nhy/PycharmProjects/my/day14/utp/core/my_requests.py[line:46] - DEBUG: url： http://api.nnzhp.cn/api/user/user_reg 请求方式：post  data：{'username': 'nhy77910', 'pwd': 'aA123456', 'cpwd': 'aA123456'} ,返回数据：{'status': 1, 'data': {'error_code': 0, 'msg': '注册成功！'}}
2018-12-01 16:02:50,695 - /anaconda3/lib/python3.6/site-packages/urllib3/connectionpool.py[line:208] - DEBUG: Starting new HTTP connection (1): api.nnzhp.cn
2018-12-01 16:02:50,781 - /anaconda3/lib/python3.6/site-packages/urllib3/connectionpool.py[line:396] - DEBUG: http://api.nnzhp.cn:80 "POST /api/user/login HTTP/1.1" 200 None
2018-12-01 16:02:50,782 - /Users/nhy/PycharmProjects/my/day14/utp/core/my_requests.py[line:46] - DEBUG: url： http://api.nnzhp.cn/api/user/login 请求方式：post  data：{'username': 'nhy77910', 'passwd': 'aA123456'} ,返回数据：{'status': 1, 'data': {'error_code': 0, 'login_info': {'login_time': '20181201160249', 'sign': '7e87eca45e57b5e7c2eb1be716498509', 'userId': 14952}}}
2018-12-01 16:02:50,782 - /Users/nhy/PycharmProjects/my/day14/utp/core/my_requests.py[line:46] - DEBUG: url： http://api.nnzhp.cn/api/user/login 请求方式：post  data：{'username': 'nhy77910', 'passwd': 'aA123456'} ,返回数据：{'status': 1, 'data': {'error_code': 0, 'login_info': {'login_time': '20181201160249', 'sign': '7e87eca45e57b5e7c2eb1be716498509', 'userId': 14952}}}
2018-12-01 16:02:50,791 - /anaconda3/lib/python3.6/site-packages/urllib3/connectionpool.py[line:208] - DEBUG: Starting new HTTP connection (1): api.nnzhp.cn
2018-12-01 16:02:50,791 - /anaconda3/lib/python3.6/site-packages/urllib3/connectionpool.py[line:208] - DEBUG: Starting new HTTP connection (1): api.nnzhp.cn
2018-12-01 16:02:50,891 - /anaconda3/lib/python3.6/site-packages/urllib3/connectionpool.py[line:396] - DEBUG: http://api.nnzhp.cn:80 "GET /api/product/choice?userid=14952&sign=7e87eca45e57b5e7c2eb1be716498509 HTTP/1.1" 200 None
2018-12-01 16:02:50,891 - /anaconda3/lib/python3.6/site-packages/urllib3/connectionpool.py[line:396] - DEBUG: http://api.nnzhp.cn:80 "GET /api/product/choice?userid=14952&sign=7e87eca45e57b5e7c2eb1be716498509 HTTP/1.1" 200 None
2018-12-01 16:02:50,893 - /Users/nhy/PycharmProjects/my/day14/utp/core/my_requests.py[line:46] - DEBUG: url： http://api.nnzhp.cn/api/product/choice get请求 data：{'userid': 14952, 'sign': '7e87eca45e57b5e7c2eb1be716498509'} ,返回数据：{'status': 1, 'data': {'error_code': 0, 'product_info': {'product_name': '?????123', 'imgUrl': 'http://api.nnzhp.cn:80/static/img/.jpg_Ur68gYm', 'win_time': '20181201160249', 'count': 1}}}
2018-12-01 16:02:50,893 - /Users/nhy/PycharmProjects/my/day14/utp/core/my_requests.py[line:46] - DEBUG: url： http://api.nnzhp.cn/api/product/choice get请求 data：{'userid': 14952, 'sign': '7e87eca45e57b5e7c2eb1be716498509'} ,返回数据：{'status': 1, 'data': {'error_code': 0, 'product_info': {'product_name': '?????123', 'imgUrl': 'http://api.nnzhp.cn:80/static/img/.jpg_Ur68gYm', 'win_time': '20181201160249', 'count': 1}}}
2018-12-01 16:02:50,893 - /Users/nhy/PycharmProjects/my/day14/utp/core/my_requests.py[line:46] - DEBUG: url： http://api.nnzhp.cn/api/product/choice get请求 data：{'userid': 14952, 'sign': '7e87eca45e57b5e7c2eb1be716498509'} ,返回数据：{'status': 1, 'data': {'error_code': 0, 'product_info': {'product_name': '?????123', 'imgUrl': 'http://api.nnzhp.cn:80/static/img/.jpg_Ur68gYm', 'win_time': '20181201160249', 'count': 1}}}
2018-12-01 18:09:13,381 - /Users/nhy/PycharmProjects/my/day14/utp/core/my_requests.py[line:46] - DEBUG: url： http://api.nnzhp.cn/api/user/user_reg 请求方式：post  data：{'username': 'autotest_nhy77910', 'pwd': 'aA123456', 'cpwd': 'aA123456'} ,返回数据：{'status': 1, 'data': {'error_code': 3002, 'msg': '用户名长度为6-10位！'}}
2018-12-01 18:10:57,813 - /Users/nhy/PycharmProjects/my/day14/utp/core/my_requests.py[line:46] - DEBUG: url： http://api.nnzhp.cn/api/user/user_reg 请求方式：post  data：{'username': 'autotest_nhy77910', 'pwd': 'aA123456', 'cpwd': 'aA123456'} ,返回数据：{'status': 1, 'data': {'error_code': 3002, 'msg': '用户名长度为6-10位！'}}
2018-12-01 18:11:26,770 - /Users/nhy/PycharmProjects/my/day14/utp/core/my_requests.py[line:46] - DEBUG: url： http://api.nnzhp.cn/api/user/user_reg 请求方式：post  data：{'username': 'autotest_nhy77910', 'pwd': 'aA123456', 'cpwd': 'aA123456'} ,返回数据：{'status': 1, 'data': {'error_code': 3002, 'msg': '用户名长度为6-10位！'}}
2018-12-01 18:12:29,314 - /Users/nhy/PycharmProjects/my/day14/utp/core/my_requests.py[line:46] - DEBUG: url： http://api.nnzhp.cn/api/user/user_reg 请求方式：post  data：{'username': 'autotest_nhy77910', 'pwd': 'aA123456', 'cpwd': 'aA123456'} ,返回数据：{'status': 1, 'data': {'error_code': 3002, 'msg': '用户名长度为6-10位！'}}
2018-12-01 18:12:29,489 - /anaconda3/lib/python3.6/site-packages/urllib3/connectionpool.py[line:208] - DEBUG: Starting new HTTP connection (1): api.nnzhp.cn
2018-12-01 18:12:29,572 - /anaconda3/lib/python3.6/site-packages/urllib3/connectionpool.py[line:396] - DEBUG: http://api.nnzhp.cn:80 "POST /api/user/login HTTP/1.1" 200 None
2018-12-01 18:12:29,573 - /Users/nhy/PycharmProjects/my/day14/utp/core/my_requests.py[line:46] - DEBUG: url： http://api.nnzhp.cn/api/user/login 请求方式：post  data：{'username': 'username1', 'passwd': 'password1'} ,返回数据：{'status': 1, 'data': {'error_code': 3007, 'msg': '用户名/密码错误！'}}
2018-12-01 18:12:29,573 - /Users/nhy/PycharmProjects/my/day14/utp/core/my_requests.py[line:46] - DEBUG: url： http://api.nnzhp.cn/api/user/login 请求方式：post  data：{'username': 'username1', 'passwd': 'password1'} ,返回数据：{'status': 1, 'data': {'error_code': 3007, 'msg': '用户名/密码错误！'}}
2018-12-01 18:12:29,577 - /anaconda3/lib/python3.6/site-packages/urllib3/connectionpool.py[line:208] - DEBUG: Starting new HTTP connection (1): api.nnzhp.cn
2018-12-01 18:12:29,577 - /anaconda3/lib/python3.6/site-packages/urllib3/connectionpool.py[line:208] - DEBUG: Starting new HTTP connection (1): api.nnzhp.cn
2018-12-01 18:12:29,661 - /anaconda3/lib/python3.6/site-packages/urllib3/connectionpool.py[line:396] - DEBUG: http://api.nnzhp.cn:80 "POST /api/user/login HTTP/1.1" 200 None
2018-12-01 18:12:29,661 - /anaconda3/lib/python3.6/site-packages/urllib3/connectionpool.py[line:396] - DEBUG: http://api.nnzhp.cn:80 "POST /api/user/login HTTP/1.1" 200 None
2018-12-01 18:12:29,662 - /Users/nhy/PycharmProjects/my/day14/utp/core/my_requests.py[line:46] - DEBUG: url： http://api.nnzhp.cn/api/user/login 请求方式：post  data：{'username': 'username1', 'passwd': 'password1'} ,返回数据：{'status': 1, 'data': {'error_code': 3007, 'msg': '用户名/密码错误！'}}
2018-12-01 18:12:29,662 - /Users/nhy/PycharmProjects/my/day14/utp/core/my_requests.py[line:46] - DEBUG: url： http://api.nnzhp.cn/api/user/login 请求方式：post  data：{'username': 'username1', 'passwd': 'password1'} ,返回数据：{'status': 1, 'data': {'error_code': 3007, 'msg': '用户名/密码错误！'}}
2018-12-01 18:12:29,662 - /Users/nhy/PycharmProjects/my/day14/utp/core/my_requests.py[line:46] - DEBUG: url： http://api.nnzhp.cn/api/user/login 请求方式：post  data：{'username': 'username1', 'passwd': 'password1'} ,返回数据：{'status': 1, 'data': {'error_code': 3007, 'msg': '用户名/密码错误！'}}
2018-12-01 18:12:29,665 - /anaconda3/lib/python3.6/site-packages/urllib3/connectionpool.py[line:208] - DEBUG: Starting new HTTP connection (1): api.nnzhp.cn
2018-12-01 18:12:29,665 - /anaconda3/lib/python3.6/site-packages/urllib3/connectionpool.py[line:208] - DEBUG: Starting new HTTP connection (1): api.nnzhp.cn
2018-12-01 18:12:29,665 - /anaconda3/lib/python3.6/site-packages/urllib3/connectionpool.py[line:208] - DEBUG: Starting new HTTP connection (1): api.nnzhp.cn
2018-12-01 18:12:29,749 - /anaconda3/lib/python3.6/site-packages/urllib3/connectionpool.py[line:396] - DEBUG: http://api.nnzhp.cn:80 "POST /api/user/login HTTP/1.1" 200 None
2018-12-01 18:12:29,749 - /anaconda3/lib/python3.6/site-packages/urllib3/connectionpool.py[line:396] - DEBUG: http://api.nnzhp.cn:80 "POST /api/user/login HTTP/1.1" 200 None
2018-12-01 18:12:29,749 - /anaconda3/lib/python3.6/site-packages/urllib3/connectionpool.py[line:396] - DEBUG: http://api.nnzhp.cn:80 "POST /api/user/login HTTP/1.1" 200 None
2018-12-01 18:12:29,750 - /Users/nhy/PycharmProjects/my/day14/utp/core/my_requests.py[line:46] - DEBUG: url： http://api.nnzhp.cn/api/user/login 请求方式：post  data：{'username': 'username1', 'passwd': 'password1'} ,返回数据：{'status': 1, 'data': {'error_code': 3007, 'msg': '用户名/密码错误！'}}
2018-12-01 18:12:29,750 - /Users/nhy/PycharmProjects/my/day14/utp/core/my_requests.py[line:46] - DEBUG: url： http://api.nnzhp.cn/api/user/login 请求方式：post  data：{'username': 'username1', 'passwd': 'password1'} ,返回数据：{'status': 1, 'data': {'error_code': 3007, 'msg': '用户名/密码错误！'}}
2018-12-01 18:12:29,750 - /Users/nhy/PycharmProjects/my/day14/utp/core/my_requests.py[line:46] - DEBUG: url： http://api.nnzhp.cn/api/user/login 请求方式：post  data：{'username': 'username1', 'passwd': 'password1'} ,返回数据：{'status': 1, 'data': {'error_code': 3007, 'msg': '用户名/密码错误！'}}
2018-12-01 18:12:29,750 - /Users/nhy/PycharmProjects/my/day14/utp/core/my_requests.py[line:46] - DEBUG: url： http://api.nnzhp.cn/api/user/login 请求方式：post  data：{'username': 'username1', 'passwd': 'password1'} ,返回数据：{'status': 1, 'data': {'error_code': 3007, 'msg': '用户名/密码错误！'}}
2018-12-01 18:12:29,753 - /anaconda3/lib/python3.6/site-packages/urllib3/connectionpool.py[line:208] - DEBUG: Starting new HTTP connection (1): api.nnzhp.cn
2018-12-01 18:12:29,753 - /anaconda3/lib/python3.6/site-packages/urllib3/connectionpool.py[line:208] - DEBUG: Starting new HTTP connection (1): api.nnzhp.cn
2018-12-01 18:12:29,753 - /anaconda3/lib/python3.6/site-packages/urllib3/connectionpool.py[line:208] - DEBUG: Starting new HTTP connection (1): api.nnzhp.cn
2018-12-01 18:12:29,753 - /anaconda3/lib/python3.6/site-packages/urllib3/connectionpool.py[line:208] - DEBUG: Starting new HTTP connection (1): api.nnzhp.cn
2018-12-01 18:12:29,837 - /anaconda3/lib/python3.6/site-packages/urllib3/connectionpool.py[line:396] - DEBUG: http://api.nnzhp.cn:80 "POST /api/user/login HTTP/1.1" 200 None
2018-12-01 18:12:29,837 - /anaconda3/lib/python3.6/site-packages/urllib3/connectionpool.py[line:396] - DEBUG: http://api.nnzhp.cn:80 "POST /api/user/login HTTP/1.1" 200 None
2018-12-01 18:12:29,837 - /anaconda3/lib/python3.6/site-packages/urllib3/connectionpool.py[line:396] - DEBUG: http://api.nnzhp.cn:80 "POST /api/user/login HTTP/1.1" 200 None
2018-12-01 18:12:29,837 - /anaconda3/lib/python3.6/site-packages/urllib3/connectionpool.py[line:396] - DEBUG: http://api.nnzhp.cn:80 "POST /api/user/login HTTP/1.1" 200 None
2018-12-01 18:12:29,845 - /Users/nhy/PycharmProjects/my/day14/utp/core/my_requests.py[line:46] - DEBUG: url： http://api.nnzhp.cn/api/user/login 请求方式：post  data：{'username': 'username1', 'passwd': 'password1'} ,返回数据：{'status': 1, 'data': {'error_code': 3007, 'msg': '用户名/密码错误！'}}
2018-12-01 18:12:29,845 - /Users/nhy/PycharmProjects/my/day14/utp/core/my_requests.py[line:46] - DEBUG: url： http://api.nnzhp.cn/api/user/login 请求方式：post  data：{'username': 'username1', 'passwd': 'password1'} ,返回数据：{'status': 1, 'data': {'error_code': 3007, 'msg': '用户名/密码错误！'}}
2018-12-01 18:12:29,845 - /Users/nhy/PycharmProjects/my/day14/utp/core/my_requests.py[line:46] - DEBUG: url： http://api.nnzhp.cn/api/user/login 请求方式：post  data：{'username': 'username1', 'passwd': 'password1'} ,返回数据：{'status': 1, 'data': {'error_code': 3007, 'msg': '用户名/密码错误！'}}
2018-12-01 18:12:29,845 - /Users/nhy/PycharmProjects/my/day14/utp/core/my_requests.py[line:46] - DEBUG: url： http://api.nnzhp.cn/api/user/login 请求方式：post  data：{'username': 'username1', 'passwd': 'password1'} ,返回数据：{'status': 1, 'data': {'error_code': 3007, 'msg': '用户名/密码错误！'}}
2018-12-01 18:12:29,845 - /Users/nhy/PycharmProjects/my/day14/utp/core/my_requests.py[line:46] - DEBUG: url： http://api.nnzhp.cn/api/user/login 请求方式：post  data：{'username': 'username1', 'passwd': 'password1'} ,返回数据：{'status': 1, 'data': {'error_code': 3007, 'msg': '用户名/密码错误！'}}
